[2025-07-13 00:53:34,414][lightning_fabric.utilities.seed][INFO] - [rank: 0] Global seed set to 6
[2025-07-13 00:53:34,425][torch.distributed.nn.jit.instantiator][INFO] - Created a temporary directory at /tmp/tmp2sacqv8c
[2025-07-13 00:53:34,425][torch.distributed.nn.jit.instantiator][INFO] - Writing /tmp/tmp2sacqv8c/_remote_module_non_sriptable.py
[2025-07-13 00:53:40,039][timm.models._builder][INFO] - Loading pretrained weights from Hugging Face hub (timm/resnetv2_101x3_bit.goog_in21k)
[2025-07-13 00:53:40,171][timm.models._hub][INFO] - [timm/resnetv2_101x3_bit.goog_in21k] Safe alternative available for 'pytorch_model.bin' (as 'model.safetensors'). Loading weights using safetensors.
[2025-07-13 00:53:41,855][pytorch_lightning.utilities.rank_zero][INFO] - GPU available: True (cuda), used: True
[2025-07-13 00:53:41,855][pytorch_lightning.utilities.rank_zero][INFO] - TPU available: False, using: 0 TPU cores
[2025-07-13 00:53:41,855][pytorch_lightning.utilities.rank_zero][INFO] - IPU available: False, using: 0 IPUs
[2025-07-13 00:53:41,855][pytorch_lightning.utilities.rank_zero][INFO] - HPU available: False, using: 0 HPUs
[2025-07-13 00:53:41,855][pytorch_lightning.utilities.rank_zero][INFO] - `Trainer(limit_val_batches=1.0)` was configured so 100% of the batches will be used..
[2025-07-13 00:53:41,855][pytorch_lightning.utilities.rank_zero][INFO] - `Trainer(val_check_interval=1.0)` was configured so validation will run at the end of the training epoch..
[2025-07-13 00:53:42,281][lightning_fabric.utilities.seed][INFO] - [rank: 0] Global seed set to 6
[2025-07-13 00:53:42,283][lightning_fabric.utilities.distributed][INFO] - Initializing distributed: GLOBAL_RANK: 0, MEMBER: 1/6
[2025-07-13 00:53:59,117][torch.distributed.distributed_c10d][INFO] - Added key: store_based_barrier_key:1 to store for rank: 0
[2025-07-13 00:53:59,188][torch.distributed.distributed_c10d][INFO] - Rank 0: Completed store-based barrier for key:store_based_barrier_key:1 with 6 nodes.
[2025-07-13 00:53:59,188][pytorch_lightning.utilities.rank_zero][INFO] - ----------------------------------------------------------------------------------------------------
distributed_backend=nccl
All distributed processes registered. Starting with 6 processes
----------------------------------------------------------------------------------------------------

[2025-07-13 00:54:07,152][pytorch_lightning.accelerators.cuda][INFO] - LOCAL_RANK: 0 - CUDA_VISIBLE_DEVICES: [0,1,2,3,4,5]
[2025-07-13 00:54:07,988][pytorch_lightning.callbacks.model_summary][INFO] - 
  | Name  | Type              | Params
--------------------------------------------
0 | model | Model2D           | 381 M 
1 | loss  | BCEWithLogitsLoss | 0     
--------------------------------------------
381 M     Trainable params
0         Non-trainable params
381 M     Total params
1,527.184 Total estimated model params size (MB)
[2025-07-13 00:54:18,224][root][INFO] - Reducer buckets have been rebuilt in this iteration.
[2025-07-14 05:00:14,519][pytorch_lightning.utilities.rank_zero][INFO] - `Trainer.fit` stopped: `max_epochs=30` reached.
[2025-07-14 05:00:17,515][lightning_fabric.utilities.seed][INFO] - [rank: 0] Global seed set to 6
[2025-07-14 05:00:17,518][pytorch_lightning.utilities.rank_zero][INFO] - Restoring states from the checkpoint path at /projects/eclarson/stems/STEMC/EHR/INSPECT/RSNA/data/image_modality/outputs/classify_pe_present_on_image_2025-07-13_05:53:34/epoch=3-val/mean_auroc=0.924.ckpt
[2025-07-14 05:00:32,850][pytorch_lightning.accelerators.cuda][INFO] - LOCAL_RANK: 0 - CUDA_VISIBLE_DEVICES: [0,1,2,3,4,5]
[2025-07-14 05:00:33,812][pytorch_lightning.utilities.rank_zero][INFO] - Loaded model weights from the checkpoint at /projects/eclarson/stems/STEMC/EHR/INSPECT/RSNA/data/image_modality/outputs/classify_pe_present_on_image_2025-07-13_05:53:34/epoch=3-val/mean_auroc=0.924.ckpt
