[2025-07-19 01:12:39,535][lightning_fabric.utilities.seed][INFO] - [rank: 0] Global seed set to 0
[2025-07-19 01:12:39,545][torch.distributed.nn.jit.instantiator][INFO] - Created a temporary directory at /tmp/tmp7rm4zlvt
[2025-07-19 01:12:39,546][torch.distributed.nn.jit.instantiator][INFO] - Writing /tmp/tmp7rm4zlvt/_remote_module_non_sriptable.py
[2025-07-19 01:12:45,449][pytorch_lightning.utilities.rank_zero][INFO] - GPU available: True (cuda), used: True
[2025-07-19 01:12:45,449][pytorch_lightning.utilities.rank_zero][INFO] - TPU available: False, using: 0 TPU cores
[2025-07-19 01:12:45,449][pytorch_lightning.utilities.rank_zero][INFO] - IPU available: False, using: 0 IPUs
[2025-07-19 01:12:45,449][pytorch_lightning.utilities.rank_zero][INFO] - HPU available: False, using: 0 HPUs
[2025-07-19 01:12:45,450][pytorch_lightning.utilities.rank_zero][INFO] - `Trainer(limit_val_batches=1.0)` was configured so 100% of the batches will be used..
[2025-07-19 01:12:45,450][pytorch_lightning.utilities.rank_zero][INFO] - `Trainer(val_check_interval=1.0)` was configured so validation will run at the end of the training epoch..
[2025-07-19 01:12:45,563][lightning_fabric.utilities.seed][INFO] - [rank: 0] Global seed set to 0
[2025-07-19 01:12:45,565][lightning_fabric.utilities.distributed][INFO] - Initializing distributed: GLOBAL_RANK: 0, MEMBER: 1/6
[2025-07-19 01:12:57,385][torch.distributed.distributed_c10d][INFO] - Added key: store_based_barrier_key:1 to store for rank: 0
[2025-07-19 01:12:57,385][torch.distributed.distributed_c10d][INFO] - Rank 0: Completed store-based barrier for key:store_based_barrier_key:1 with 6 nodes.
[2025-07-19 01:12:57,385][pytorch_lightning.utilities.rank_zero][INFO] - ----------------------------------------------------------------------------------------------------
distributed_backend=nccl
All distributed processes registered. Starting with 6 processes
----------------------------------------------------------------------------------------------------

[2025-07-19 01:13:06,139][pytorch_lightning.accelerators.cuda][INFO] - LOCAL_RANK: 0 - CUDA_VISIBLE_DEVICES: [0,1,2,3,4,5]
[2025-07-19 01:13:06,174][pytorch_lightning.callbacks.model_summary][INFO] - 
  | Name  | Type              | Params
--------------------------------------------
0 | model | Model1D           | 6.4 M 
1 | loss  | BCEWithLogitsLoss | 0     
--------------------------------------------
6.4 M     Trainable params
0         Non-trainable params
6.4 M     Total params
25.703    Total estimated model params size (MB)
[2025-07-19 01:13:14,966][root][INFO] - Reducer buckets have been rebuilt in this iteration.
[2025-07-19 01:28:36,890][pytorch_lightning.utilities.rank_zero][INFO] - `Trainer.fit` stopped: `max_epochs=50` reached.
[2025-07-19 01:28:37,404][lightning_fabric.utilities.seed][INFO] - [rank: 0] Global seed set to 0
[2025-07-19 01:28:37,407][pytorch_lightning.utilities.rank_zero][INFO] - Restoring states from the checkpoint path at /projects/eclarson/stems/STEMC/EHR/INSPECT/IMAGE/inpsect/data/image_modality/outputs/classify_6_month_readmission_2025-07-19_06:12:39/epoch=30-val/mean_auroc=0.564.ckpt
[2025-07-19 01:28:37,683][pytorch_lightning.accelerators.cuda][INFO] - LOCAL_RANK: 0 - CUDA_VISIBLE_DEVICES: [0,1,2,3,4,5]
[2025-07-19 01:28:37,760][pytorch_lightning.utilities.rank_zero][INFO] - Loaded model weights from the checkpoint at /projects/eclarson/stems/STEMC/EHR/INSPECT/IMAGE/inpsect/data/image_modality/outputs/classify_6_month_readmission_2025-07-19_06:12:39/epoch=30-val/mean_auroc=0.564.ckpt
