[2025-07-18 08:34:55,190][lightning_fabric.utilities.seed][INFO] - [rank: 0] Global seed set to 0
[2025-07-18 08:34:55,200][torch.distributed.nn.jit.instantiator][INFO] - Created a temporary directory at /tmp/tmpkqpx70n9
[2025-07-18 08:34:55,200][torch.distributed.nn.jit.instantiator][INFO] - Writing /tmp/tmpkqpx70n9/_remote_module_non_sriptable.py
[2025-07-18 08:35:01,124][pytorch_lightning.utilities.rank_zero][INFO] - GPU available: True (cuda), used: True
[2025-07-18 08:35:01,124][pytorch_lightning.utilities.rank_zero][INFO] - TPU available: False, using: 0 TPU cores
[2025-07-18 08:35:01,124][pytorch_lightning.utilities.rank_zero][INFO] - IPU available: False, using: 0 IPUs
[2025-07-18 08:35:01,124][pytorch_lightning.utilities.rank_zero][INFO] - HPU available: False, using: 0 HPUs
[2025-07-18 08:35:01,124][pytorch_lightning.utilities.rank_zero][INFO] - `Trainer(limit_val_batches=1.0)` was configured so 100% of the batches will be used..
[2025-07-18 08:35:01,124][pytorch_lightning.utilities.rank_zero][INFO] - `Trainer(val_check_interval=1.0)` was configured so validation will run at the end of the training epoch..
[2025-07-18 08:35:01,222][lightning_fabric.utilities.seed][INFO] - [rank: 0] Global seed set to 0
[2025-07-18 08:35:01,224][lightning_fabric.utilities.distributed][INFO] - Initializing distributed: GLOBAL_RANK: 0, MEMBER: 1/6
[2025-07-18 08:35:13,846][torch.distributed.distributed_c10d][INFO] - Added key: store_based_barrier_key:1 to store for rank: 0
[2025-07-18 08:35:13,857][torch.distributed.distributed_c10d][INFO] - Rank 0: Completed store-based barrier for key:store_based_barrier_key:1 with 6 nodes.
[2025-07-18 08:35:13,857][pytorch_lightning.utilities.rank_zero][INFO] - ----------------------------------------------------------------------------------------------------
distributed_backend=nccl
All distributed processes registered. Starting with 6 processes
----------------------------------------------------------------------------------------------------

[2025-07-18 08:35:28,578][pytorch_lightning.accelerators.cuda][INFO] - LOCAL_RANK: 0 - CUDA_VISIBLE_DEVICES: [0,1,2,3,4,5]
[2025-07-18 08:35:28,618][pytorch_lightning.callbacks.model_summary][INFO] - 
  | Name  | Type              | Params
--------------------------------------------
0 | model | Model1D           | 4.8 M 
1 | loss  | BCEWithLogitsLoss | 0     
--------------------------------------------
4.8 M     Trainable params
0         Non-trainable params
4.8 M     Total params
19.280    Total estimated model params size (MB)
[2025-07-18 08:35:39,686][root][INFO] - Reducer buckets have been rebuilt in this iteration.
[2025-07-18 09:52:35,814][pytorch_lightning.utilities.rank_zero][INFO] - `Trainer.fit` stopped: `max_epochs=50` reached.
[2025-07-18 09:52:36,305][lightning_fabric.utilities.seed][INFO] - [rank: 0] Global seed set to 0
[2025-07-18 09:52:36,331][pytorch_lightning.utilities.rank_zero][INFO] - Restoring states from the checkpoint path at /projects/eclarson/stems/STEMC/EHR/INSPECT/RSNA/data/image_modality/outputs/classify_12_month_mortality_2025-07-18_13:34:55/epoch=0-val/mean_auroc=0.000.ckpt
[2025-07-18 09:52:36,712][pytorch_lightning.accelerators.cuda][INFO] - LOCAL_RANK: 0 - CUDA_VISIBLE_DEVICES: [0,1,2,3,4,5]
[2025-07-18 09:52:36,817][pytorch_lightning.utilities.rank_zero][INFO] - Loaded model weights from the checkpoint at /projects/eclarson/stems/STEMC/EHR/INSPECT/RSNA/data/image_modality/outputs/classify_12_month_mortality_2025-07-18_13:34:55/epoch=0-val/mean_auroc=0.000.ckpt
